{
  "stats": {
    "suites": 2,
    "tests": 2,
    "passes": 2,
    "pending": 0,
    "failures": 0,
    "start": "2021-10-15T01:44:52.780Z",
    "end": "2021-10-15T01:44:55.303Z",
    "duration": 2523,
    "testsRegistered": 2,
    "passPercent": 100,
    "pendingPercent": 0,
    "other": 0,
    "hasOther": false,
    "skipped": 0,
    "hasSkipped": false
  },
  "results": [
    {
      "uuid": "0a44adff-4ed6-4a7d-9ebf-4f48259de952",
      "title": "",
      "fullFile": "tests\\e2e\\specs\\05.contact_remove_spec.js",
      "file": "tests\\e2e\\specs\\05.contact_remove_spec.js",
      "beforeHooks": [],
      "afterHooks": [],
      "tests": [],
      "suites": [
        {
          "uuid": "b5bb8f87-f810-48a2-8cf2-011db766abe7",
          "title": "Remover Contato",
          "fullFile": "",
          "file": "",
          "beforeHooks": [],
          "afterHooks": [],
          "tests": [],
          "suites": [
            {
              "uuid": "aaa52d79-e023-4d04-9483-9e7d36d6f82f",
              "title": "Dado que Paul Gilbert é um contato indesejado",
              "fullFile": "",
              "file": "",
              "beforeHooks": [],
              "afterHooks": [],
              "tests": [
                {
                  "title": "Quando apago esse contato",
                  "fullTitle": "Remover Contato Dado que Paul Gilbert é um contato indesejado Quando apago esse contato",
                  "timedOut": null,
                  "duration": 2447,
                  "state": "passed",
                  "speed": "slow",
                  "pass": true,
                  "fail": false,
                  "pending": false,
                  "context": null,
                  "code": "cy.dash();\ncy.removeContact(contact.number);",
                  "err": {},
                  "uuid": "aad45c14-5acb-41a4-817f-4e88b4fc1b7f",
                  "parentUUID": "aaa52d79-e023-4d04-9483-9e7d36d6f82f",
                  "isHook": false,
                  "skipped": false
                },
                {
                  "title": "Não deve exibir no dashboard",
                  "fullTitle": "Remover Contato Dado que Paul Gilbert é um contato indesejado Não deve exibir no dashboard",
                  "timedOut": null,
                  "duration": 64,
                  "state": "passed",
                  "speed": "medium",
                  "pass": true,
                  "fail": false,
                  "pending": false,
                  "context": null,
                  "code": "cy.getContact(contact.number).should('not.visible');",
                  "err": {},
                  "uuid": "650c07b4-37c1-4205-ad40-905fb6c6a978",
                  "parentUUID": "aaa52d79-e023-4d04-9483-9e7d36d6f82f",
                  "isHook": false,
                  "skipped": false
                }
              ],
              "suites": [],
              "passes": [
                "aad45c14-5acb-41a4-817f-4e88b4fc1b7f",
                "650c07b4-37c1-4205-ad40-905fb6c6a978"
              ],
              "failures": [],
              "pending": [],
              "skipped": [],
              "duration": 2511,
              "root": false,
              "rootEmpty": false,
              "_timeout": 2000
            }
          ],
          "passes": [],
          "failures": [],
          "pending": [],
          "skipped": [],
          "duration": 0,
          "root": false,
          "rootEmpty": false,
          "_timeout": 2000
        }
      ],
      "passes": [],
      "failures": [],
      "pending": [],
      "skipped": [],
      "duration": 0,
      "root": true,
      "rootEmpty": true,
      "_timeout": 2000
    }
  ],
  "meta": {
    "mocha": {
      "version": "8.1.3"
    },
    "mochawesome": {
      "options": {
        "quiet": false,
        "reportFilename": "mochawesome",
        "saveHtml": false,
        "saveJson": true,
        "consoleReporter": "spec",
        "useInlineDiffs": false,
        "code": true
      },
      "version": "6.3.1"
    },
    "marge": {
      "options": {
        "reportDir": "mochawesome-report",
        "overwrite": true,
        "html": false,
        "json": true,
        "timestamp": "mmddyyyy_HHMMss"
      },
      "version": "5.2.0"
    }
  }
}