{
  "stats": {
    "suites": 3,
    "tests": 3,
    "passes": 3,
    "pending": 0,
    "failures": 0,
    "start": "2021-10-14T02:41:04.716Z",
    "end": "2021-10-14T02:41:08.399Z",
    "duration": 3683,
    "testsRegistered": 3,
    "passPercent": 100,
    "pendingPercent": 0,
    "other": 0,
    "hasOther": false,
    "skipped": 0,
    "hasSkipped": false
  },
  "results": [
    {
      "uuid": "c1eec13f-1602-4eee-8ad1-06dec010c9c4",
      "title": "",
      "fullFile": "tests\\e2e\\specs\\04.API_contact_NaoCadastrado_search_spec.js",
      "file": "tests\\e2e\\specs\\04.API_contact_NaoCadastrado_search_spec.js",
      "beforeHooks": [],
      "afterHooks": [],
      "tests": [],
      "suites": [
        {
          "uuid": "5ecc0472-40e4-4f2a-a173-64f2853e35df",
          "title": "Busca",
          "fullFile": "",
          "file": "",
          "beforeHooks": [],
          "afterHooks": [],
          "tests": [],
          "suites": [
            {
              "uuid": "3b4c5666-066b-46d9-889a-fc54ee1728b0",
              "title": "Dado que eu tenho o seguinte contato Mike Portnoy",
              "fullFile": "",
              "file": "",
              "beforeHooks": [],
              "afterHooks": [],
              "tests": [
                {
                  "title": "Quando faço a busca desse contato",
                  "fullTitle": "Busca Dado que eu tenho o seguinte contato Mike Portnoy Quando faço a busca desse contato",
                  "timedOut": null,
                  "duration": 2818,
                  "state": "passed",
                  "speed": "slow",
                  "pass": true,
                  "fail": false,
                  "pending": false,
                  "context": null,
                  "code": "cy.dash();\ncy.searchContact(contact.number);\ncy.get('#loader', {\n  timeout: 5000\n}).should('not.visible');",
                  "err": {},
                  "uuid": "e7684416-4bcf-4332-801b-ddfd7c2ff276",
                  "parentUUID": "3b4c5666-066b-46d9-889a-fc54ee1728b0",
                  "isHook": false,
                  "skipped": false
                },
                {
                  "title": "Devo ver somente esse contato no dashboard",
                  "fullTitle": "Busca Dado que eu tenho o seguinte contato Mike Portnoy Devo ver somente esse contato no dashboard",
                  "timedOut": null,
                  "duration": 95,
                  "state": "passed",
                  "speed": "slow",
                  "pass": true,
                  "fail": false,
                  "pending": false,
                  "context": null,
                  "code": "cy.contactItem().should('have.length', 1); //ele vai validar se esta exibindo apenas 1 contato, apenas 1 Card\ncy.contactItem().contains(contact.name); //ele vai validar se neste contato esta exibindo de fato a minha massa \"name\" \ncy.contactItem().contains(contact.description); //ele vai validar se neste contato esta exibindo de fato a minha massa \"description\"",
                  "err": {},
                  "uuid": "4d0a22f9-576a-4f36-a112-1a0e55759289",
                  "parentUUID": "3b4c5666-066b-46d9-889a-fc54ee1728b0",
                  "isHook": false,
                  "skipped": false
                }
              ],
              "suites": [],
              "passes": [
                "e7684416-4bcf-4332-801b-ddfd7c2ff276",
                "4d0a22f9-576a-4f36-a112-1a0e55759289"
              ],
              "failures": [],
              "pending": [],
              "skipped": [],
              "duration": 2913,
              "root": false,
              "rootEmpty": false,
              "_timeout": 2000
            },
            {
              "uuid": "3e265ff1-3e23-4e8b-97b4-12b6c8547e93",
              "title": "Quando busco por um contato não cadastrado",
              "fullFile": "",
              "file": "",
              "beforeHooks": [],
              "afterHooks": [],
              "tests": [
                {
                  "title": "Deve retornar mensagem de alerta",
                  "fullTitle": "Busca Quando busco por um contato não cadastrado Deve retornar mensagem de alerta",
                  "timedOut": null,
                  "duration": 712,
                  "state": "passed",
                  "speed": "slow",
                  "pass": true,
                  "fail": false,
                  "pending": false,
                  "context": null,
                  "code": "cy.get('.message-body').contains('Contato não encontrado');",
                  "err": {},
                  "uuid": "aaa157fd-ab03-46dc-8e25-4c71cbb01c2a",
                  "parentUUID": "3e265ff1-3e23-4e8b-97b4-12b6c8547e93",
                  "isHook": false,
                  "skipped": false
                }
              ],
              "suites": [],
              "passes": [
                "aaa157fd-ab03-46dc-8e25-4c71cbb01c2a"
              ],
              "failures": [],
              "pending": [],
              "skipped": [],
              "duration": 712,
              "root": false,
              "rootEmpty": false,
              "_timeout": 2000
            }
          ],
          "passes": [],
          "failures": [],
          "pending": [],
          "skipped": [],
          "duration": 0,
          "root": false,
          "rootEmpty": false,
          "_timeout": 2000
        }
      ],
      "passes": [],
      "failures": [],
      "pending": [],
      "skipped": [],
      "duration": 0,
      "root": true,
      "rootEmpty": true,
      "_timeout": 2000
    }
  ],
  "meta": {
    "mocha": {
      "version": "8.1.3"
    },
    "mochawesome": {
      "options": {
        "quiet": false,
        "reportFilename": "mochawesome",
        "saveHtml": false,
        "saveJson": true,
        "consoleReporter": "spec",
        "useInlineDiffs": false,
        "code": true
      },
      "version": "6.3.1"
    },
    "marge": {
      "options": {
        "reportDir": "mochawesome-report",
        "overwrite": true,
        "html": false,
        "json": true,
        "timestamp": "mmddyyyy_HHMMss"
      },
      "version": "5.2.0"
    }
  }
}