{
  "stats": {
    "suites": 5,
    "tests": 4,
    "passes": 4,
    "pending": 0,
    "failures": 0,
    "start": "2021-10-15T01:44:14.837Z",
    "end": "2021-10-15T01:44:19.806Z",
    "duration": 4969,
    "testsRegistered": 4,
    "passPercent": 100,
    "pendingPercent": 0,
    "other": 0,
    "hasOther": false,
    "skipped": 0,
    "hasSkipped": false
  },
  "results": [
    {
      "uuid": "49933295-c41b-4793-989f-2d58eb55fba6",
      "title": "",
      "fullFile": "tests\\e2e\\specs\\01.login_spec.js",
      "file": "tests\\e2e\\specs\\01.login_spec.js",
      "beforeHooks": [],
      "afterHooks": [],
      "tests": [],
      "suites": [
        {
          "uuid": "ca3f5df1-a3f9-4589-b824-e7a72e1f981e",
          "title": "Login",
          "fullFile": "",
          "file": "",
          "beforeHooks": [],
          "afterHooks": [],
          "tests": [],
          "suites": [
            {
              "uuid": "6977957b-7a9a-4db8-81db-8827e42883a1",
              "title": "Quando submeto credenciais validas",
              "fullFile": "",
              "file": "",
              "beforeHooks": [],
              "afterHooks": [],
              "tests": [
                {
                  "title": "Deve exibir a área logada",
                  "fullTitle": "Login Quando submeto credenciais validas Deve exibir a área logada",
                  "timedOut": null,
                  "duration": 2310,
                  "state": "passed",
                  "speed": "slow",
                  "pass": true,
                  "fail": false,
                  "pending": false,
                  "context": null,
                  "code": "//cy.contactList().should('be.visible') //valida se a lista de contatos esta visivel, porém quebra se não achar nenhum contato\ncy.contains('h4', 'Seu gerenciador digital de contatos').should('be.visible');",
                  "err": {},
                  "uuid": "6fbafcaa-b2fd-4fca-8593-8d7a8202138c",
                  "parentUUID": "6977957b-7a9a-4db8-81db-8827e42883a1",
                  "isHook": false,
                  "skipped": false
                }
              ],
              "suites": [],
              "passes": [
                "6fbafcaa-b2fd-4fca-8593-8d7a8202138c"
              ],
              "failures": [],
              "pending": [],
              "skipped": [],
              "duration": 2310,
              "root": false,
              "rootEmpty": false,
              "_timeout": 2000
            },
            {
              "uuid": "2574d74e-4354-473e-8be5-c01474e46cc8",
              "title": "Quando submeto senha incorreta",
              "fullFile": "",
              "file": "",
              "beforeHooks": [],
              "afterHooks": [],
              "tests": [
                {
                  "title": "Deve exibir Email e/ou senha invalidos!",
                  "fullTitle": "Login Quando submeto senha incorreta Deve exibir Email e/ou senha invalidos!",
                  "timedOut": null,
                  "duration": 1194,
                  "state": "passed",
                  "speed": "slow",
                  "pass": true,
                  "fail": false,
                  "pending": false,
                  "context": null,
                  "code": "cy.loginAlert(expectMessage).should('be.visible');",
                  "err": {},
                  "uuid": "e69bd263-7787-4d0b-afb2-1827b6765051",
                  "parentUUID": "2574d74e-4354-473e-8be5-c01474e46cc8",
                  "isHook": false,
                  "skipped": false
                }
              ],
              "suites": [],
              "passes": [
                "e69bd263-7787-4d0b-afb2-1827b6765051"
              ],
              "failures": [],
              "pending": [],
              "skipped": [],
              "duration": 1194,
              "root": false,
              "rootEmpty": false,
              "_timeout": 2000
            },
            {
              "uuid": "edb3f840-30be-49c5-bfce-40615f4f7b35",
              "title": "Quando não informo o email",
              "fullFile": "",
              "file": "",
              "beforeHooks": [],
              "afterHooks": [],
              "tests": [
                {
                  "title": "Deve exibir Oops! Favor informar o seu email",
                  "fullTitle": "Login Quando não informo o email Deve exibir Oops! Favor informar o seu email",
                  "timedOut": null,
                  "duration": 594,
                  "state": "passed",
                  "speed": "slow",
                  "pass": true,
                  "fail": false,
                  "pending": false,
                  "context": null,
                  "code": "cy.loginAlert(expectMessage).should('be.visible');",
                  "err": {},
                  "uuid": "10fd4855-5ace-4c62-baa2-17e8348e3215",
                  "parentUUID": "edb3f840-30be-49c5-bfce-40615f4f7b35",
                  "isHook": false,
                  "skipped": false
                }
              ],
              "suites": [],
              "passes": [
                "10fd4855-5ace-4c62-baa2-17e8348e3215"
              ],
              "failures": [],
              "pending": [],
              "skipped": [],
              "duration": 594,
              "root": false,
              "rootEmpty": false,
              "_timeout": 2000
            },
            {
              "uuid": "a6e5b4e7-e476-4634-ad79-3afda795b6ba",
              "title": "Quando não informo a senha",
              "fullFile": "",
              "file": "",
              "beforeHooks": [],
              "afterHooks": [],
              "tests": [
                {
                  "title": "Deve exibir Oops! Favor informar o sua senha",
                  "fullTitle": "Login Quando não informo a senha Deve exibir Oops! Favor informar o sua senha",
                  "timedOut": null,
                  "duration": 789,
                  "state": "passed",
                  "speed": "slow",
                  "pass": true,
                  "fail": false,
                  "pending": false,
                  "context": null,
                  "code": "cy.loginAlert(expectMessage).should('be.visible');",
                  "err": {},
                  "uuid": "7c06671b-d431-4660-9428-7920b78b7511",
                  "parentUUID": "a6e5b4e7-e476-4634-ad79-3afda795b6ba",
                  "isHook": false,
                  "skipped": false
                }
              ],
              "suites": [],
              "passes": [
                "7c06671b-d431-4660-9428-7920b78b7511"
              ],
              "failures": [],
              "pending": [],
              "skipped": [],
              "duration": 789,
              "root": false,
              "rootEmpty": false,
              "_timeout": 2000
            }
          ],
          "passes": [],
          "failures": [],
          "pending": [],
          "skipped": [],
          "duration": 0,
          "root": false,
          "rootEmpty": false,
          "_timeout": 2000
        }
      ],
      "passes": [],
      "failures": [],
      "pending": [],
      "skipped": [],
      "duration": 0,
      "root": true,
      "rootEmpty": true,
      "_timeout": 2000
    }
  ],
  "meta": {
    "mocha": {
      "version": "8.1.3"
    },
    "mochawesome": {
      "options": {
        "quiet": false,
        "reportFilename": "mochawesome",
        "saveHtml": false,
        "saveJson": true,
        "consoleReporter": "spec",
        "useInlineDiffs": false,
        "code": true
      },
      "version": "6.3.1"
    },
    "marge": {
      "options": {
        "reportDir": "mochawesome-report",
        "overwrite": true,
        "html": false,
        "json": true,
        "timestamp": "mmddyyyy_HHMMss"
      },
      "version": "5.2.0"
    }
  }
}