{
  "stats": {
    "suites": 2,
    "tests": 2,
    "passes": 2,
    "pending": 0,
    "failures": 0,
    "start": "2021-10-15T01:44:38.292Z",
    "end": "2021-10-15T01:44:41.105Z",
    "duration": 2813,
    "testsRegistered": 2,
    "passPercent": 100,
    "pendingPercent": 0,
    "other": 0,
    "hasOther": false,
    "skipped": 0,
    "hasSkipped": false
  },
  "results": [
    {
      "uuid": "3054d1c9-ab38-47d4-a6b7-153285b2be4b",
      "title": "",
      "fullFile": "tests\\e2e\\specs\\03.Testar_API_contact_search_spec.js",
      "file": "tests\\e2e\\specs\\03.Testar_API_contact_search_spec.js",
      "beforeHooks": [],
      "afterHooks": [],
      "tests": [],
      "suites": [
        {
          "uuid": "8afd5608-08ad-49be-bdcc-047f0924e8e4",
          "title": "Busca",
          "fullFile": "",
          "file": "",
          "beforeHooks": [],
          "afterHooks": [],
          "tests": [],
          "suites": [
            {
              "uuid": "2a0030c3-a373-4c1e-bfea-f78dfb2e58c9",
              "title": "Dado que eu tenho o seguinte contato Mike Portnoy",
              "fullFile": "",
              "file": "",
              "beforeHooks": [],
              "afterHooks": [],
              "tests": [
                {
                  "title": "Quando faço a busca desse contato",
                  "fullTitle": "Busca Dado que eu tenho o seguinte contato Mike Portnoy Quando faço a busca desse contato",
                  "timedOut": null,
                  "duration": 2699,
                  "state": "passed",
                  "speed": "slow",
                  "pass": true,
                  "fail": false,
                  "pending": false,
                  "context": null,
                  "code": "cy.dash();\ncy.searchContact(contact.number);\ncy.get('#loader', {\n  timeout: 5000\n}).should('not.visible');",
                  "err": {},
                  "uuid": "0d332d97-8bae-4fc2-89a6-897adf939647",
                  "parentUUID": "2a0030c3-a373-4c1e-bfea-f78dfb2e58c9",
                  "isHook": false,
                  "skipped": false
                },
                {
                  "title": "Devo ver somente esse contato no dashboard",
                  "fullTitle": "Busca Dado que eu tenho o seguinte contato Mike Portnoy Devo ver somente esse contato no dashboard",
                  "timedOut": null,
                  "duration": 58,
                  "state": "passed",
                  "speed": "medium",
                  "pass": true,
                  "fail": false,
                  "pending": false,
                  "context": null,
                  "code": "cy.contactItem().should('have.length', 1); //ele vai validar se esta exibindo apenas 1 contato, apenas 1 Card\ncy.contactItem().contains(contact.name); //ele vai validar se neste contato esta exibindo de fato a minha massa \"name\" \ncy.contactItem().contains(contact.description); //ele vai validar se neste contato esta exibindo de fato a minha massa \"description\"",
                  "err": {},
                  "uuid": "2200c3d8-2f41-4a5d-8d65-babe920bee5f",
                  "parentUUID": "2a0030c3-a373-4c1e-bfea-f78dfb2e58c9",
                  "isHook": false,
                  "skipped": false
                }
              ],
              "suites": [],
              "passes": [
                "0d332d97-8bae-4fc2-89a6-897adf939647",
                "2200c3d8-2f41-4a5d-8d65-babe920bee5f"
              ],
              "failures": [],
              "pending": [],
              "skipped": [],
              "duration": 2757,
              "root": false,
              "rootEmpty": false,
              "_timeout": 2000
            }
          ],
          "passes": [],
          "failures": [],
          "pending": [],
          "skipped": [],
          "duration": 0,
          "root": false,
          "rootEmpty": false,
          "_timeout": 2000
        }
      ],
      "passes": [],
      "failures": [],
      "pending": [],
      "skipped": [],
      "duration": 0,
      "root": true,
      "rootEmpty": true,
      "_timeout": 2000
    }
  ],
  "meta": {
    "mocha": {
      "version": "8.1.3"
    },
    "mochawesome": {
      "options": {
        "quiet": false,
        "reportFilename": "mochawesome",
        "saveHtml": false,
        "saveJson": true,
        "consoleReporter": "spec",
        "useInlineDiffs": false,
        "code": true
      },
      "version": "6.3.1"
    },
    "marge": {
      "options": {
        "reportDir": "mochawesome-report",
        "overwrite": true,
        "html": false,
        "json": true,
        "timestamp": "mmddyyyy_HHMMss"
      },
      "version": "5.2.0"
    }
  }
}