{
  "stats": {
    "suites": 6,
    "tests": 4,
    "passes": 4,
    "pending": 0,
    "failures": 0,
    "start": "2021-10-15T01:44:24.874Z",
    "end": "2021-10-15T01:44:32.920Z",
    "duration": 8046,
    "testsRegistered": 4,
    "passPercent": 100,
    "pendingPercent": 0,
    "other": 0,
    "hasOther": false,
    "skipped": 0,
    "hasSkipped": false
  },
  "results": [
    {
      "uuid": "60792c5a-a7fb-4d36-9bb9-3e1c29802093",
      "title": "",
      "fullFile": "tests\\e2e\\specs\\02.PageObjectByCYPRESS_add_contacts_save_spec.js",
      "file": "tests\\e2e\\specs\\02.PageObjectByCYPRESS_add_contacts_save_spec.js",
      "beforeHooks": [],
      "afterHooks": [],
      "tests": [],
      "suites": [
        {
          "uuid": "535a6a6b-e7ae-4ae8-9b4e-825d1ca0f91b",
          "title": "Cadastro de Contatos",
          "fullFile": "",
          "file": "",
          "beforeHooks": [],
          "afterHooks": [],
          "tests": [],
          "suites": [
            {
              "uuid": "9480bd0d-a68c-47aa-b7d0-86672fac9fa5",
              "title": "Dado que eu tenho um novo contato",
              "fullFile": "",
              "file": "",
              "beforeHooks": [],
              "afterHooks": [],
              "tests": [],
              "suites": [
                {
                  "uuid": "255a9267-09ec-45b2-9e01-da016d977d7a",
                  "title": "Quando adiciono esse contato",
                  "fullFile": "",
                  "file": "",
                  "beforeHooks": [],
                  "afterHooks": [],
                  "tests": [
                    {
                      "title": "Então devo ver esse contato no dashboard",
                      "fullTitle": "Cadastro de Contatos Dado que eu tenho um novo contato Quando adiciono esse contato Então devo ver esse contato no dashboard",
                      "timedOut": null,
                      "duration": 3506,
                      "state": "passed",
                      "speed": "slow",
                      "pass": true,
                      "fail": false,
                      "pending": false,
                      "context": null,
                      "code": "cy.contactList().contains(contact.name);",
                      "err": {},
                      "uuid": "f4d56270-60d6-4c02-8371-ec6e125c1a0a",
                      "parentUUID": "255a9267-09ec-45b2-9e01-da016d977d7a",
                      "isHook": false,
                      "skipped": false
                    }
                  ],
                  "suites": [],
                  "passes": [
                    "f4d56270-60d6-4c02-8371-ec6e125c1a0a"
                  ],
                  "failures": [],
                  "pending": [],
                  "skipped": [],
                  "duration": 3506,
                  "root": false,
                  "rootEmpty": false,
                  "_timeout": 2000
                },
                {
                  "uuid": "e04ba262-5d53-4677-b770-dd977b07e78c",
                  "title": "Quando submeto o cadastro sem o nome",
                  "fullFile": "",
                  "file": "",
                  "beforeHooks": [],
                  "afterHooks": [],
                  "tests": [
                    {
                      "title": "Deve mostrar a notificação: Nome é obrigatório.",
                      "fullTitle": "Cadastro de Contatos Dado que eu tenho um novo contato Quando submeto o cadastro sem o nome Deve mostrar a notificação: Nome é obrigatório.",
                      "timedOut": null,
                      "duration": 1524,
                      "state": "passed",
                      "speed": "slow",
                      "pass": true,
                      "fail": false,
                      "pending": false,
                      "context": null,
                      "code": "cy.alertName().contains(expectNotice);",
                      "err": {},
                      "uuid": "bc243da7-50aa-4664-9f08-33094f785781",
                      "parentUUID": "e04ba262-5d53-4677-b770-dd977b07e78c",
                      "isHook": false,
                      "skipped": false
                    }
                  ],
                  "suites": [],
                  "passes": [
                    "bc243da7-50aa-4664-9f08-33094f785781"
                  ],
                  "failures": [],
                  "pending": [],
                  "skipped": [],
                  "duration": 1524,
                  "root": false,
                  "rootEmpty": false,
                  "_timeout": 2000
                },
                {
                  "uuid": "ea5e6d50-73c2-4cf0-87fa-ea900da65e85",
                  "title": "Quando submeto o cadastro sem o whatsApp",
                  "fullFile": "",
                  "file": "",
                  "beforeHooks": [],
                  "afterHooks": [],
                  "tests": [
                    {
                      "title": "Deve mostrar a notificação: WhatsApp é obrigatório.",
                      "fullTitle": "Cadastro de Contatos Dado que eu tenho um novo contato Quando submeto o cadastro sem o whatsApp Deve mostrar a notificação: WhatsApp é obrigatório.",
                      "timedOut": null,
                      "duration": 1682,
                      "state": "passed",
                      "speed": "slow",
                      "pass": true,
                      "fail": false,
                      "pending": false,
                      "context": null,
                      "code": "cy.alertNumber().contains(expectNotice); //cy.get('.input-number small', { timeout: 5000 }).contains('WhatsApp é obrigatório.')",
                      "err": {},
                      "uuid": "cec1d00a-1ac8-4625-98cf-433c872c1036",
                      "parentUUID": "ea5e6d50-73c2-4cf0-87fa-ea900da65e85",
                      "isHook": false,
                      "skipped": false
                    }
                  ],
                  "suites": [],
                  "passes": [
                    "cec1d00a-1ac8-4625-98cf-433c872c1036"
                  ],
                  "failures": [],
                  "pending": [],
                  "skipped": [],
                  "duration": 1682,
                  "root": false,
                  "rootEmpty": false,
                  "_timeout": 2000
                },
                {
                  "uuid": "fb594dca-9b4e-4c4f-a15d-785dc987816f",
                  "title": "Quando submeto o cadastro sem o Assunto",
                  "fullFile": "",
                  "file": "",
                  "beforeHooks": [],
                  "afterHooks": [],
                  "tests": [
                    {
                      "title": "Deve mostrar a notificação: Assunto é obrigatório.",
                      "fullTitle": "Cadastro de Contatos Dado que eu tenho um novo contato Quando submeto o cadastro sem o Assunto Deve mostrar a notificação: Assunto é obrigatório.",
                      "timedOut": null,
                      "duration": 1265,
                      "state": "passed",
                      "speed": "slow",
                      "pass": true,
                      "fail": false,
                      "pending": false,
                      "context": null,
                      "code": "cy.alertDescription().contains(expectNotice); //cy.get('.text-description small', { timeout: 5000 }).contains('Assunto é obrigatório.')",
                      "err": {},
                      "uuid": "aedef171-579e-4e97-8b18-f1eb6017cdf7",
                      "parentUUID": "fb594dca-9b4e-4c4f-a15d-785dc987816f",
                      "isHook": false,
                      "skipped": false
                    }
                  ],
                  "suites": [],
                  "passes": [
                    "aedef171-579e-4e97-8b18-f1eb6017cdf7"
                  ],
                  "failures": [],
                  "pending": [],
                  "skipped": [],
                  "duration": 1265,
                  "root": false,
                  "rootEmpty": false,
                  "_timeout": 2000
                }
              ],
              "passes": [],
              "failures": [],
              "pending": [],
              "skipped": [],
              "duration": 0,
              "root": false,
              "rootEmpty": false,
              "_timeout": 2000
            }
          ],
          "passes": [],
          "failures": [],
          "pending": [],
          "skipped": [],
          "duration": 0,
          "root": false,
          "rootEmpty": false,
          "_timeout": 2000
        }
      ],
      "passes": [],
      "failures": [],
      "pending": [],
      "skipped": [],
      "duration": 0,
      "root": true,
      "rootEmpty": true,
      "_timeout": 2000
    }
  ],
  "meta": {
    "mocha": {
      "version": "8.1.3"
    },
    "mochawesome": {
      "options": {
        "quiet": false,
        "reportFilename": "mochawesome",
        "saveHtml": false,
        "saveJson": true,
        "consoleReporter": "spec",
        "useInlineDiffs": false,
        "code": true
      },
      "version": "6.3.1"
    },
    "marge": {
      "options": {
        "reportDir": "mochawesome-report",
        "overwrite": true,
        "html": false,
        "json": true,
        "timestamp": "mmddyyyy_HHMMss"
      },
      "version": "5.2.0"
    }
  }
}