{
  "stats": {
    "suites": 2,
    "tests": 2,
    "passes": 2,
    "pending": 0,
    "failures": 0,
    "start": "2021-10-14T02:40:57.726Z",
    "end": "2021-10-14T02:41:00.675Z",
    "duration": 2949,
    "testsRegistered": 2,
    "passPercent": 100,
    "pendingPercent": 0,
    "other": 0,
    "hasOther": false,
    "skipped": 0,
    "hasSkipped": false
  },
  "results": [
    {
      "uuid": "e8698d6e-a9e0-4871-8eae-cb8a07d7269c",
      "title": "",
      "fullFile": "tests\\e2e\\specs\\03.Testar_API_contact_search_spec.js",
      "file": "tests\\e2e\\specs\\03.Testar_API_contact_search_spec.js",
      "beforeHooks": [],
      "afterHooks": [],
      "tests": [],
      "suites": [
        {
          "uuid": "76bd73ee-3a34-46b3-a5e1-432792f1afd3",
          "title": "Busca",
          "fullFile": "",
          "file": "",
          "beforeHooks": [],
          "afterHooks": [],
          "tests": [],
          "suites": [
            {
              "uuid": "17708b59-12e2-4dbd-85cf-cfb6101ab8ec",
              "title": "Dado que eu tenho o seguinte contato Mike Portnoy",
              "fullFile": "",
              "file": "",
              "beforeHooks": [],
              "afterHooks": [],
              "tests": [
                {
                  "title": "Quando faço a busca desse contato",
                  "fullTitle": "Busca Dado que eu tenho o seguinte contato Mike Portnoy Quando faço a busca desse contato",
                  "timedOut": null,
                  "duration": 2840,
                  "state": "passed",
                  "speed": "slow",
                  "pass": true,
                  "fail": false,
                  "pending": false,
                  "context": null,
                  "code": "cy.dash();\ncy.searchContact(contact.number);\ncy.get('#loader', {\n  timeout: 5000\n}).should('not.visible');",
                  "err": {},
                  "uuid": "b80938c7-8a92-4f7d-a4c6-c0a236888b25",
                  "parentUUID": "17708b59-12e2-4dbd-85cf-cfb6101ab8ec",
                  "isHook": false,
                  "skipped": false
                },
                {
                  "title": "Devo ver somente esse contato no dashboard",
                  "fullTitle": "Busca Dado que eu tenho o seguinte contato Mike Portnoy Devo ver somente esse contato no dashboard",
                  "timedOut": null,
                  "duration": 50,
                  "state": "passed",
                  "speed": "medium",
                  "pass": true,
                  "fail": false,
                  "pending": false,
                  "context": null,
                  "code": "cy.contactItem().should('have.length', 1); //ele vai validar se esta exibindo apenas 1 contato, apenas 1 Card\ncy.contactItem().contains(contact.name); //ele vai validar se neste contato esta exibindo de fato a minha massa \"name\" \ncy.contactItem().contains(contact.description); //ele vai validar se neste contato esta exibindo de fato a minha massa \"description\"",
                  "err": {},
                  "uuid": "082c002c-7175-4cd4-8224-39bae941f290",
                  "parentUUID": "17708b59-12e2-4dbd-85cf-cfb6101ab8ec",
                  "isHook": false,
                  "skipped": false
                }
              ],
              "suites": [],
              "passes": [
                "b80938c7-8a92-4f7d-a4c6-c0a236888b25",
                "082c002c-7175-4cd4-8224-39bae941f290"
              ],
              "failures": [],
              "pending": [],
              "skipped": [],
              "duration": 2890,
              "root": false,
              "rootEmpty": false,
              "_timeout": 2000
            }
          ],
          "passes": [],
          "failures": [],
          "pending": [],
          "skipped": [],
          "duration": 0,
          "root": false,
          "rootEmpty": false,
          "_timeout": 2000
        }
      ],
      "passes": [],
      "failures": [],
      "pending": [],
      "skipped": [],
      "duration": 0,
      "root": true,
      "rootEmpty": true,
      "_timeout": 2000
    }
  ],
  "meta": {
    "mocha": {
      "version": "8.1.3"
    },
    "mochawesome": {
      "options": {
        "quiet": false,
        "reportFilename": "mochawesome",
        "saveHtml": false,
        "saveJson": true,
        "consoleReporter": "spec",
        "useInlineDiffs": false,
        "code": true
      },
      "version": "6.3.1"
    },
    "marge": {
      "options": {
        "reportDir": "mochawesome-report",
        "overwrite": true,
        "html": false,
        "json": true,
        "timestamp": "mmddyyyy_HHMMss"
      },
      "version": "5.2.0"
    }
  }
}