{
  "stats": {
    "suites": 6,
    "tests": 17,
    "passes": 17,
    "pending": 0,
    "failures": 0,
    "start": "2021-10-14T02:40:31.367Z",
    "end": "2021-10-14T02:41:22.907Z",
    "duration": 26079,
    "testsRegistered": 17,
    "passPercent": 100,
    "pendingPercent": 0,
    "other": 0,
    "hasOther": false,
    "skipped": 0,
    "hasSkipped": false
  },
  "results": [
    {
      "uuid": "821a6e74-a7ab-4847-ba36-1bb295dd8353",
      "title": "",
      "fullFile": "tests\\e2e\\specs\\01.login_spec.js",
      "file": "tests\\e2e\\specs\\01.login_spec.js",
      "beforeHooks": [],
      "afterHooks": [],
      "tests": [],
      "suites": [
        {
          "uuid": "d96157bc-6eba-4570-adcf-b81529fb6ac5",
          "title": "Login",
          "fullFile": "",
          "file": "",
          "beforeHooks": [],
          "afterHooks": [],
          "tests": [],
          "suites": [
            {
              "uuid": "9c88c7f0-fedf-44e4-a6b1-32e51a6e9f4e",
              "title": "Quando submeto credenciais validas",
              "fullFile": "",
              "file": "",
              "beforeHooks": [],
              "afterHooks": [],
              "tests": [
                {
                  "title": "Deve exibir a área logada",
                  "fullTitle": "Login Quando submeto credenciais validas Deve exibir a área logada",
                  "timedOut": null,
                  "duration": 2752,
                  "state": "passed",
                  "speed": "slow",
                  "pass": true,
                  "fail": false,
                  "pending": false,
                  "context": null,
                  "code": "//cy.contactList().should('be.visible') //valida se a lista de contatos esta visivel, porém quebra se não achar nenhum contato\ncy.contains('h4', 'Seu gerenciador digital de contatos').should('be.visible');",
                  "err": {},
                  "uuid": "9c8989b5-c114-4e73-b527-5a7be5149c77",
                  "parentUUID": "9c88c7f0-fedf-44e4-a6b1-32e51a6e9f4e",
                  "isHook": false,
                  "skipped": false
                }
              ],
              "suites": [],
              "passes": [
                "9c8989b5-c114-4e73-b527-5a7be5149c77"
              ],
              "failures": [],
              "pending": [],
              "skipped": [],
              "duration": 2752,
              "root": false,
              "rootEmpty": false,
              "_timeout": 2000
            },
            {
              "uuid": "0ed8090b-bfb2-47c6-8e48-6b0421cdc055",
              "title": "Quando submeto senha incorreta",
              "fullFile": "",
              "file": "",
              "beforeHooks": [],
              "afterHooks": [],
              "tests": [
                {
                  "title": "Deve exibir mensagem de alerta",
                  "fullTitle": "Login Quando submeto senha incorreta Deve exibir mensagem de alerta",
                  "timedOut": null,
                  "duration": 1267,
                  "state": "passed",
                  "speed": "slow",
                  "pass": true,
                  "fail": false,
                  "pending": false,
                  "context": null,
                  "code": "cy.loginAlert('Email e/ou senha invalidos!').should('be.visible');",
                  "err": {},
                  "uuid": "92e3d8ec-ca2d-4cfd-aadf-26b946b9ac6e",
                  "parentUUID": "0ed8090b-bfb2-47c6-8e48-6b0421cdc055",
                  "isHook": false,
                  "skipped": false
                }
              ],
              "suites": [],
              "passes": [
                "92e3d8ec-ca2d-4cfd-aadf-26b946b9ac6e"
              ],
              "failures": [],
              "pending": [],
              "skipped": [],
              "duration": 1267,
              "root": false,
              "rootEmpty": false,
              "_timeout": 2000
            },
            {
              "uuid": "f49074e6-fbc4-47ff-8173-28da1b99461a",
              "title": "Quando não informo o email",
              "fullFile": "",
              "file": "",
              "beforeHooks": [],
              "afterHooks": [],
              "tests": [
                {
                  "title": "Deve exibir mensagem de alerta",
                  "fullTitle": "Login Quando não informo o email Deve exibir mensagem de alerta",
                  "timedOut": null,
                  "duration": 753,
                  "state": "passed",
                  "speed": "slow",
                  "pass": true,
                  "fail": false,
                  "pending": false,
                  "context": null,
                  "code": "cy.loginAlert('Oops! Favor informar o seu email').should('be.visible');",
                  "err": {},
                  "uuid": "eee6ea59-6b4f-4bc2-b90b-df9ac1493c3b",
                  "parentUUID": "f49074e6-fbc4-47ff-8173-28da1b99461a",
                  "isHook": false,
                  "skipped": false
                }
              ],
              "suites": [],
              "passes": [
                "eee6ea59-6b4f-4bc2-b90b-df9ac1493c3b"
              ],
              "failures": [],
              "pending": [],
              "skipped": [],
              "duration": 753,
              "root": false,
              "rootEmpty": false,
              "_timeout": 2000
            },
            {
              "uuid": "c1908224-b45d-4c74-acfa-43f837820a50",
              "title": "Quando não informo a senha",
              "fullFile": "",
              "file": "",
              "beforeHooks": [],
              "afterHooks": [],
              "tests": [
                {
                  "title": "Deve exibir mensagem de alerta",
                  "fullTitle": "Login Quando não informo a senha Deve exibir mensagem de alerta",
                  "timedOut": null,
                  "duration": 765,
                  "state": "passed",
                  "speed": "slow",
                  "pass": true,
                  "fail": false,
                  "pending": false,
                  "context": null,
                  "code": "cy.loginAlert('Oops! Favor informar o sua senha').should('be.visible');",
                  "err": {},
                  "uuid": "cfd9815a-3e05-47db-8540-20d705e8dcc4",
                  "parentUUID": "c1908224-b45d-4c74-acfa-43f837820a50",
                  "isHook": false,
                  "skipped": false
                }
              ],
              "suites": [],
              "passes": [
                "cfd9815a-3e05-47db-8540-20d705e8dcc4"
              ],
              "failures": [],
              "pending": [],
              "skipped": [],
              "duration": 765,
              "root": false,
              "rootEmpty": false,
              "_timeout": 2000
            }
          ],
          "passes": [],
          "failures": [],
          "pending": [],
          "skipped": [],
          "duration": 0,
          "root": false,
          "rootEmpty": false,
          "_timeout": 2000
        }
      ],
      "passes": [],
      "failures": [],
      "pending": [],
      "skipped": [],
      "duration": 0,
      "root": true,
      "rootEmpty": true,
      "_timeout": 2000
    },
    {
      "uuid": "17721a25-71d4-4512-b539-4b19396f387d",
      "title": "",
      "fullFile": "tests\\e2e\\specs\\02.PageObjectByCYPRESS_add_contacts_save_spec.js",
      "file": "tests\\e2e\\specs\\02.PageObjectByCYPRESS_add_contacts_save_spec.js",
      "beforeHooks": [],
      "afterHooks": [],
      "tests": [],
      "suites": [
        {
          "uuid": "af62d579-05c6-4f49-b13f-8d929190c672",
          "title": "Cadastro de Contatos",
          "fullFile": "",
          "file": "",
          "beforeHooks": [],
          "afterHooks": [],
          "tests": [],
          "suites": [
            {
              "uuid": "a3caae86-41e9-47b7-bf26-6580b310288e",
              "title": "Dado que eu tenho um novo contato",
              "fullFile": "",
              "file": "",
              "beforeHooks": [],
              "afterHooks": [],
              "tests": [],
              "suites": [
                {
                  "uuid": "75db3301-a1ee-454a-9b24-97084fa6bbe0",
                  "title": "Quando adiciono esse contato",
                  "fullFile": "",
                  "file": "",
                  "beforeHooks": [],
                  "afterHooks": [],
                  "tests": [
                    {
                      "title": "Então devo ver esse contato no dashboard",
                      "fullTitle": "Cadastro de Contatos Dado que eu tenho um novo contato Quando adiciono esse contato Então devo ver esse contato no dashboard",
                      "timedOut": null,
                      "duration": 4330,
                      "state": "passed",
                      "speed": "slow",
                      "pass": true,
                      "fail": false,
                      "pending": false,
                      "context": null,
                      "code": "cy.contactList().contains(contact.name);",
                      "err": {},
                      "uuid": "7661eeaf-a21f-4751-a84c-3b36a35f7729",
                      "parentUUID": "75db3301-a1ee-454a-9b24-97084fa6bbe0",
                      "isHook": false,
                      "skipped": false
                    }
                  ],
                  "suites": [],
                  "passes": [
                    "7661eeaf-a21f-4751-a84c-3b36a35f7729"
                  ],
                  "failures": [],
                  "pending": [],
                  "skipped": [],
                  "duration": 4330,
                  "root": false,
                  "rootEmpty": false,
                  "_timeout": 2000
                },
                {
                  "uuid": "ae00b633-21f7-4fe4-ada9-9efe6d6bf06b",
                  "title": "Quando submeto o cadastro sem o nome",
                  "fullFile": "",
                  "file": "",
                  "beforeHooks": [],
                  "afterHooks": [],
                  "tests": [
                    {
                      "title": "Deve mostrar uma notificação",
                      "fullTitle": "Cadastro de Contatos Dado que eu tenho um novo contato Quando submeto o cadastro sem o nome Deve mostrar uma notificação",
                      "timedOut": null,
                      "duration": 1596,
                      "state": "passed",
                      "speed": "slow",
                      "pass": true,
                      "fail": false,
                      "pending": false,
                      "context": null,
                      "code": "cy.alertName().contains('Nome é obrigatório.');",
                      "err": {},
                      "uuid": "6098cfe9-e233-4aa8-bfbc-19db3e84301c",
                      "parentUUID": "ae00b633-21f7-4fe4-ada9-9efe6d6bf06b",
                      "isHook": false,
                      "skipped": false
                    }
                  ],
                  "suites": [],
                  "passes": [
                    "6098cfe9-e233-4aa8-bfbc-19db3e84301c"
                  ],
                  "failures": [],
                  "pending": [],
                  "skipped": [],
                  "duration": 1596,
                  "root": false,
                  "rootEmpty": false,
                  "_timeout": 2000
                },
                {
                  "uuid": "5f732d88-47b0-4b65-8b88-a98ebbe614fe",
                  "title": "Quando submeto o cadastro sem o whatsApp",
                  "fullFile": "",
                  "file": "",
                  "beforeHooks": [],
                  "afterHooks": [],
                  "tests": [
                    {
                      "title": "Deve mostrar uma notificação",
                      "fullTitle": "Cadastro de Contatos Dado que eu tenho um novo contato Quando submeto o cadastro sem o whatsApp Deve mostrar uma notificação",
                      "timedOut": null,
                      "duration": 1622,
                      "state": "passed",
                      "speed": "slow",
                      "pass": true,
                      "fail": false,
                      "pending": false,
                      "context": null,
                      "code": "cy.alertNumber().contains('WhatsApp é obrigatório.'); //cy.get('.input-number small', { timeout: 5000 }).contains('WhatsApp é obrigatório.')",
                      "err": {},
                      "uuid": "42fe884f-5686-4e95-90b1-11ea95c67027",
                      "parentUUID": "5f732d88-47b0-4b65-8b88-a98ebbe614fe",
                      "isHook": false,
                      "skipped": false
                    }
                  ],
                  "suites": [],
                  "passes": [
                    "42fe884f-5686-4e95-90b1-11ea95c67027"
                  ],
                  "failures": [],
                  "pending": [],
                  "skipped": [],
                  "duration": 1622,
                  "root": false,
                  "rootEmpty": false,
                  "_timeout": 2000
                },
                {
                  "uuid": "bf58dd05-4804-426e-aa65-f845c9a76ec4",
                  "title": "Quando submeto o cadastro sem o Assunto",
                  "fullFile": "",
                  "file": "",
                  "beforeHooks": [],
                  "afterHooks": [],
                  "tests": [
                    {
                      "title": "Deve mostrar uma notificação",
                      "fullTitle": "Cadastro de Contatos Dado que eu tenho um novo contato Quando submeto o cadastro sem o Assunto Deve mostrar uma notificação",
                      "timedOut": null,
                      "duration": 1249,
                      "state": "passed",
                      "speed": "slow",
                      "pass": true,
                      "fail": false,
                      "pending": false,
                      "context": null,
                      "code": "cy.alertDescription().contains('Assunto é obrigatório.'); //cy.get('.text-description small', { timeout: 5000 }).contains('Assunto é obrigatório.')",
                      "err": {},
                      "uuid": "0069ade3-e0d2-44df-929a-6a7e08af417a",
                      "parentUUID": "bf58dd05-4804-426e-aa65-f845c9a76ec4",
                      "isHook": false,
                      "skipped": false
                    }
                  ],
                  "suites": [],
                  "passes": [
                    "0069ade3-e0d2-44df-929a-6a7e08af417a"
                  ],
                  "failures": [],
                  "pending": [],
                  "skipped": [],
                  "duration": 1249,
                  "root": false,
                  "rootEmpty": false,
                  "_timeout": 2000
                }
              ],
              "passes": [],
              "failures": [],
              "pending": [],
              "skipped": [],
              "duration": 0,
              "root": false,
              "rootEmpty": false,
              "_timeout": 2000
            }
          ],
          "passes": [],
          "failures": [],
          "pending": [],
          "skipped": [],
          "duration": 0,
          "root": false,
          "rootEmpty": false,
          "_timeout": 2000
        }
      ],
      "passes": [],
      "failures": [],
      "pending": [],
      "skipped": [],
      "duration": 0,
      "root": true,
      "rootEmpty": true,
      "_timeout": 2000
    },
    {
      "uuid": "e8698d6e-a9e0-4871-8eae-cb8a07d7269c",
      "title": "",
      "fullFile": "tests\\e2e\\specs\\03.Testar_API_contact_search_spec.js",
      "file": "tests\\e2e\\specs\\03.Testar_API_contact_search_spec.js",
      "beforeHooks": [],
      "afterHooks": [],
      "tests": [],
      "suites": [
        {
          "uuid": "76bd73ee-3a34-46b3-a5e1-432792f1afd3",
          "title": "Busca",
          "fullFile": "",
          "file": "",
          "beforeHooks": [],
          "afterHooks": [],
          "tests": [],
          "suites": [
            {
              "uuid": "17708b59-12e2-4dbd-85cf-cfb6101ab8ec",
              "title": "Dado que eu tenho o seguinte contato Mike Portnoy",
              "fullFile": "",
              "file": "",
              "beforeHooks": [],
              "afterHooks": [],
              "tests": [
                {
                  "title": "Quando faço a busca desse contato",
                  "fullTitle": "Busca Dado que eu tenho o seguinte contato Mike Portnoy Quando faço a busca desse contato",
                  "timedOut": null,
                  "duration": 2840,
                  "state": "passed",
                  "speed": "slow",
                  "pass": true,
                  "fail": false,
                  "pending": false,
                  "context": null,
                  "code": "cy.dash();\ncy.searchContact(contact.number);\ncy.get('#loader', {\n  timeout: 5000\n}).should('not.visible');",
                  "err": {},
                  "uuid": "b80938c7-8a92-4f7d-a4c6-c0a236888b25",
                  "parentUUID": "17708b59-12e2-4dbd-85cf-cfb6101ab8ec",
                  "isHook": false,
                  "skipped": false
                },
                {
                  "title": "Devo ver somente esse contato no dashboard",
                  "fullTitle": "Busca Dado que eu tenho o seguinte contato Mike Portnoy Devo ver somente esse contato no dashboard",
                  "timedOut": null,
                  "duration": 50,
                  "state": "passed",
                  "speed": "medium",
                  "pass": true,
                  "fail": false,
                  "pending": false,
                  "context": null,
                  "code": "cy.contactItem().should('have.length', 1); //ele vai validar se esta exibindo apenas 1 contato, apenas 1 Card\ncy.contactItem().contains(contact.name); //ele vai validar se neste contato esta exibindo de fato a minha massa \"name\" \ncy.contactItem().contains(contact.description); //ele vai validar se neste contato esta exibindo de fato a minha massa \"description\"",
                  "err": {},
                  "uuid": "082c002c-7175-4cd4-8224-39bae941f290",
                  "parentUUID": "17708b59-12e2-4dbd-85cf-cfb6101ab8ec",
                  "isHook": false,
                  "skipped": false
                }
              ],
              "suites": [],
              "passes": [
                "b80938c7-8a92-4f7d-a4c6-c0a236888b25",
                "082c002c-7175-4cd4-8224-39bae941f290"
              ],
              "failures": [],
              "pending": [],
              "skipped": [],
              "duration": 2890,
              "root": false,
              "rootEmpty": false,
              "_timeout": 2000
            }
          ],
          "passes": [],
          "failures": [],
          "pending": [],
          "skipped": [],
          "duration": 0,
          "root": false,
          "rootEmpty": false,
          "_timeout": 2000
        }
      ],
      "passes": [],
      "failures": [],
      "pending": [],
      "skipped": [],
      "duration": 0,
      "root": true,
      "rootEmpty": true,
      "_timeout": 2000
    },
    {
      "uuid": "c1eec13f-1602-4eee-8ad1-06dec010c9c4",
      "title": "",
      "fullFile": "tests\\e2e\\specs\\04.API_contact_NaoCadastrado_search_spec.js",
      "file": "tests\\e2e\\specs\\04.API_contact_NaoCadastrado_search_spec.js",
      "beforeHooks": [],
      "afterHooks": [],
      "tests": [],
      "suites": [
        {
          "uuid": "5ecc0472-40e4-4f2a-a173-64f2853e35df",
          "title": "Busca",
          "fullFile": "",
          "file": "",
          "beforeHooks": [],
          "afterHooks": [],
          "tests": [],
          "suites": [
            {
              "uuid": "3b4c5666-066b-46d9-889a-fc54ee1728b0",
              "title": "Dado que eu tenho o seguinte contato Mike Portnoy",
              "fullFile": "",
              "file": "",
              "beforeHooks": [],
              "afterHooks": [],
              "tests": [
                {
                  "title": "Quando faço a busca desse contato",
                  "fullTitle": "Busca Dado que eu tenho o seguinte contato Mike Portnoy Quando faço a busca desse contato",
                  "timedOut": null,
                  "duration": 2818,
                  "state": "passed",
                  "speed": "slow",
                  "pass": true,
                  "fail": false,
                  "pending": false,
                  "context": null,
                  "code": "cy.dash();\ncy.searchContact(contact.number);\ncy.get('#loader', {\n  timeout: 5000\n}).should('not.visible');",
                  "err": {},
                  "uuid": "e7684416-4bcf-4332-801b-ddfd7c2ff276",
                  "parentUUID": "3b4c5666-066b-46d9-889a-fc54ee1728b0",
                  "isHook": false,
                  "skipped": false
                },
                {
                  "title": "Devo ver somente esse contato no dashboard",
                  "fullTitle": "Busca Dado que eu tenho o seguinte contato Mike Portnoy Devo ver somente esse contato no dashboard",
                  "timedOut": null,
                  "duration": 95,
                  "state": "passed",
                  "speed": "slow",
                  "pass": true,
                  "fail": false,
                  "pending": false,
                  "context": null,
                  "code": "cy.contactItem().should('have.length', 1); //ele vai validar se esta exibindo apenas 1 contato, apenas 1 Card\ncy.contactItem().contains(contact.name); //ele vai validar se neste contato esta exibindo de fato a minha massa \"name\" \ncy.contactItem().contains(contact.description); //ele vai validar se neste contato esta exibindo de fato a minha massa \"description\"",
                  "err": {},
                  "uuid": "4d0a22f9-576a-4f36-a112-1a0e55759289",
                  "parentUUID": "3b4c5666-066b-46d9-889a-fc54ee1728b0",
                  "isHook": false,
                  "skipped": false
                }
              ],
              "suites": [],
              "passes": [
                "e7684416-4bcf-4332-801b-ddfd7c2ff276",
                "4d0a22f9-576a-4f36-a112-1a0e55759289"
              ],
              "failures": [],
              "pending": [],
              "skipped": [],
              "duration": 2913,
              "root": false,
              "rootEmpty": false,
              "_timeout": 2000
            },
            {
              "uuid": "3e265ff1-3e23-4e8b-97b4-12b6c8547e93",
              "title": "Quando busco por um contato não cadastrado",
              "fullFile": "",
              "file": "",
              "beforeHooks": [],
              "afterHooks": [],
              "tests": [
                {
                  "title": "Deve retornar mensagem de alerta",
                  "fullTitle": "Busca Quando busco por um contato não cadastrado Deve retornar mensagem de alerta",
                  "timedOut": null,
                  "duration": 712,
                  "state": "passed",
                  "speed": "slow",
                  "pass": true,
                  "fail": false,
                  "pending": false,
                  "context": null,
                  "code": "cy.get('.message-body').contains('Contato não encontrado');",
                  "err": {},
                  "uuid": "aaa157fd-ab03-46dc-8e25-4c71cbb01c2a",
                  "parentUUID": "3e265ff1-3e23-4e8b-97b4-12b6c8547e93",
                  "isHook": false,
                  "skipped": false
                }
              ],
              "suites": [],
              "passes": [
                "aaa157fd-ab03-46dc-8e25-4c71cbb01c2a"
              ],
              "failures": [],
              "pending": [],
              "skipped": [],
              "duration": 712,
              "root": false,
              "rootEmpty": false,
              "_timeout": 2000
            }
          ],
          "passes": [],
          "failures": [],
          "pending": [],
          "skipped": [],
          "duration": 0,
          "root": false,
          "rootEmpty": false,
          "_timeout": 2000
        }
      ],
      "passes": [],
      "failures": [],
      "pending": [],
      "skipped": [],
      "duration": 0,
      "root": true,
      "rootEmpty": true,
      "_timeout": 2000
    },
    {
      "uuid": "0442de35-20d4-46b2-9644-02960bca9b92",
      "title": "",
      "fullFile": "tests\\e2e\\specs\\05.contact_remove_spec.js",
      "file": "tests\\e2e\\specs\\05.contact_remove_spec.js",
      "beforeHooks": [],
      "afterHooks": [],
      "tests": [],
      "suites": [
        {
          "uuid": "55e673e2-933c-4edd-9e45-02a0ae7cee89",
          "title": "Remover Contato",
          "fullFile": "",
          "file": "",
          "beforeHooks": [],
          "afterHooks": [],
          "tests": [],
          "suites": [
            {
              "uuid": "8344b7fa-0186-4e50-8b1e-3ccf0b9ca379",
              "title": "Dado que Paul Gilbert é um contato indesejado",
              "fullFile": "",
              "file": "",
              "beforeHooks": [],
              "afterHooks": [],
              "tests": [
                {
                  "title": "Quando apago esse contato",
                  "fullTitle": "Remover Contato Dado que Paul Gilbert é um contato indesejado Quando apago esse contato",
                  "timedOut": null,
                  "duration": 2942,
                  "state": "passed",
                  "speed": "slow",
                  "pass": true,
                  "fail": false,
                  "pending": false,
                  "context": null,
                  "code": "cy.dash();\ncy.removeContact(contact.number);",
                  "err": {},
                  "uuid": "c2ed6119-b9a9-457e-b7ca-66b6166c3e53",
                  "parentUUID": "8344b7fa-0186-4e50-8b1e-3ccf0b9ca379",
                  "isHook": false,
                  "skipped": false
                },
                {
                  "title": "Não deve exibir no dashboard",
                  "fullTitle": "Remover Contato Dado que Paul Gilbert é um contato indesejado Não deve exibir no dashboard",
                  "timedOut": null,
                  "duration": 141,
                  "state": "passed",
                  "speed": "slow",
                  "pass": true,
                  "fail": false,
                  "pending": false,
                  "context": null,
                  "code": "cy.getContact(contact.number).should('not.visible');",
                  "err": {},
                  "uuid": "14d4745d-7884-4275-a001-f68c2755d10e",
                  "parentUUID": "8344b7fa-0186-4e50-8b1e-3ccf0b9ca379",
                  "isHook": false,
                  "skipped": false
                }
              ],
              "suites": [],
              "passes": [
                "c2ed6119-b9a9-457e-b7ca-66b6166c3e53",
                "14d4745d-7884-4275-a001-f68c2755d10e"
              ],
              "failures": [],
              "pending": [],
              "skipped": [],
              "duration": 3083,
              "root": false,
              "rootEmpty": false,
              "_timeout": 2000
            }
          ],
          "passes": [],
          "failures": [],
          "pending": [],
          "skipped": [],
          "duration": 0,
          "root": false,
          "rootEmpty": false,
          "_timeout": 2000
        }
      ],
      "passes": [],
      "failures": [],
      "pending": [],
      "skipped": [],
      "duration": 0,
      "root": true,
      "rootEmpty": true,
      "_timeout": 2000
    },
    {
      "uuid": "5a1006e8-6559-4166-b4be-f60442488c83",
      "title": "",
      "fullFile": "tests\\e2e\\specs\\06.contact_talk_spec.js",
      "file": "tests\\e2e\\specs\\06.contact_talk_spec.js",
      "beforeHooks": [],
      "afterHooks": [],
      "tests": [],
      "suites": [
        {
          "uuid": "4d3441f8-9b00-4848-a118-0e2ec30a3304",
          "title": "Conversar",
          "fullFile": "",
          "file": "",
          "beforeHooks": [],
          "afterHooks": [],
          "tests": [],
          "suites": [
            {
              "uuid": "15918666-2ed6-47f6-ab09-dd3ca735e8b5",
              "title": "Dado que Jojo Todynho é um contato indesejado",
              "fullFile": "",
              "file": "",
              "beforeHooks": [],
              "afterHooks": [],
              "tests": [
                {
                  "title": "Quando acesso o dashboard",
                  "fullTitle": "Conversar Dado que Jojo Todynho é um contato indesejado Quando acesso o dashboard",
                  "timedOut": null,
                  "duration": 2035,
                  "state": "passed",
                  "speed": "slow",
                  "pass": true,
                  "fail": false,
                  "pending": false,
                  "context": null,
                  "code": "cy.dash();",
                  "err": {},
                  "uuid": "9864135a-a28a-47b0-9d50-f81fd452e84c",
                  "parentUUID": "15918666-2ed6-47f6-ab09-dd3ca735e8b5",
                  "isHook": false,
                  "skipped": false
                },
                {
                  "title": "Devo ver a propriedade href com o link do Whatsapp Web",
                  "fullTitle": "Conversar Dado que Jojo Todynho é um contato indesejado Devo ver a propriedade href com o link do Whatsapp Web",
                  "timedOut": null,
                  "duration": 112,
                  "state": "passed",
                  "speed": "slow",
                  "pass": true,
                  "fail": false,
                  "pending": false,
                  "context": null,
                  "code": "var externalLink = \"https://api.whatsapp.com/send?phone=55\".concat(contact.number); //https://api.whatsapp.com/send?phone=5521999994444\n//esta validando se ao clicar no botão ele ta direcionando para esse link\ncy.get(\"a[href$=\\\"\".concat(contact.number, \"\\\"]\")).should('have.attr', 'href', externalLink);",
                  "err": {},
                  "uuid": "e8344192-da5b-474d-aa96-94947ebd2cb5",
                  "parentUUID": "15918666-2ed6-47f6-ab09-dd3ca735e8b5",
                  "isHook": false,
                  "skipped": false
                }
              ],
              "suites": [],
              "passes": [
                "9864135a-a28a-47b0-9d50-f81fd452e84c",
                "e8344192-da5b-474d-aa96-94947ebd2cb5"
              ],
              "failures": [],
              "pending": [],
              "skipped": [],
              "duration": 2147,
              "root": false,
              "rootEmpty": false,
              "_timeout": 2000
            }
          ],
          "passes": [],
          "failures": [],
          "pending": [],
          "skipped": [],
          "duration": 0,
          "root": false,
          "rootEmpty": false,
          "_timeout": 2000
        }
      ],
      "passes": [],
      "failures": [],
      "pending": [],
      "skipped": [],
      "duration": 0,
      "root": true,
      "rootEmpty": true,
      "_timeout": 2000
    }
  ],
  "meta": {
    "mocha": {
      "version": "8.1.3"
    },
    "mochawesome": {
      "options": {
        "quiet": false,
        "reportFilename": "mochawesome",
        "saveHtml": false,
        "saveJson": true,
        "consoleReporter": "spec",
        "useInlineDiffs": false,
        "code": true
      },
      "version": "6.3.1"
    },
    "marge": {
      "options": {
        "reportDir": "mochawesome-report",
        "overwrite": true,
        "html": false,
        "json": true,
        "timestamp": "mmddyyyy_HHMMss"
      },
      "version": "5.2.0"
    }
  }
}