{
  "stats": {
    "suites": 6,
    "tests": 17,
    "passes": 17,
    "pending": 0,
    "failures": 0,
    "start": "2021-10-15T01:44:14.837Z",
    "end": "2021-10-15T01:45:01.488Z",
    "duration": 23195,
    "testsRegistered": 17,
    "passPercent": 100,
    "pendingPercent": 0,
    "other": 0,
    "hasOther": false,
    "skipped": 0,
    "hasSkipped": false
  },
  "results": [
    {
      "uuid": "49933295-c41b-4793-989f-2d58eb55fba6",
      "title": "",
      "fullFile": "tests\\e2e\\specs\\01.login_spec.js",
      "file": "tests\\e2e\\specs\\01.login_spec.js",
      "beforeHooks": [],
      "afterHooks": [],
      "tests": [],
      "suites": [
        {
          "uuid": "ca3f5df1-a3f9-4589-b824-e7a72e1f981e",
          "title": "Login",
          "fullFile": "",
          "file": "",
          "beforeHooks": [],
          "afterHooks": [],
          "tests": [],
          "suites": [
            {
              "uuid": "6977957b-7a9a-4db8-81db-8827e42883a1",
              "title": "Quando submeto credenciais validas",
              "fullFile": "",
              "file": "",
              "beforeHooks": [],
              "afterHooks": [],
              "tests": [
                {
                  "title": "Deve exibir a área logada",
                  "fullTitle": "Login Quando submeto credenciais validas Deve exibir a área logada",
                  "timedOut": null,
                  "duration": 2310,
                  "state": "passed",
                  "speed": "slow",
                  "pass": true,
                  "fail": false,
                  "pending": false,
                  "context": null,
                  "code": "//cy.contactList().should('be.visible') //valida se a lista de contatos esta visivel, porém quebra se não achar nenhum contato\ncy.contains('h4', 'Seu gerenciador digital de contatos').should('be.visible');",
                  "err": {},
                  "uuid": "6fbafcaa-b2fd-4fca-8593-8d7a8202138c",
                  "parentUUID": "6977957b-7a9a-4db8-81db-8827e42883a1",
                  "isHook": false,
                  "skipped": false
                }
              ],
              "suites": [],
              "passes": [
                "6fbafcaa-b2fd-4fca-8593-8d7a8202138c"
              ],
              "failures": [],
              "pending": [],
              "skipped": [],
              "duration": 2310,
              "root": false,
              "rootEmpty": false,
              "_timeout": 2000
            },
            {
              "uuid": "2574d74e-4354-473e-8be5-c01474e46cc8",
              "title": "Quando submeto senha incorreta",
              "fullFile": "",
              "file": "",
              "beforeHooks": [],
              "afterHooks": [],
              "tests": [
                {
                  "title": "Deve exibir Email e/ou senha invalidos!",
                  "fullTitle": "Login Quando submeto senha incorreta Deve exibir Email e/ou senha invalidos!",
                  "timedOut": null,
                  "duration": 1194,
                  "state": "passed",
                  "speed": "slow",
                  "pass": true,
                  "fail": false,
                  "pending": false,
                  "context": null,
                  "code": "cy.loginAlert(expectMessage).should('be.visible');",
                  "err": {},
                  "uuid": "e69bd263-7787-4d0b-afb2-1827b6765051",
                  "parentUUID": "2574d74e-4354-473e-8be5-c01474e46cc8",
                  "isHook": false,
                  "skipped": false
                }
              ],
              "suites": [],
              "passes": [
                "e69bd263-7787-4d0b-afb2-1827b6765051"
              ],
              "failures": [],
              "pending": [],
              "skipped": [],
              "duration": 1194,
              "root": false,
              "rootEmpty": false,
              "_timeout": 2000
            },
            {
              "uuid": "edb3f840-30be-49c5-bfce-40615f4f7b35",
              "title": "Quando não informo o email",
              "fullFile": "",
              "file": "",
              "beforeHooks": [],
              "afterHooks": [],
              "tests": [
                {
                  "title": "Deve exibir Oops! Favor informar o seu email",
                  "fullTitle": "Login Quando não informo o email Deve exibir Oops! Favor informar o seu email",
                  "timedOut": null,
                  "duration": 594,
                  "state": "passed",
                  "speed": "slow",
                  "pass": true,
                  "fail": false,
                  "pending": false,
                  "context": null,
                  "code": "cy.loginAlert(expectMessage).should('be.visible');",
                  "err": {},
                  "uuid": "10fd4855-5ace-4c62-baa2-17e8348e3215",
                  "parentUUID": "edb3f840-30be-49c5-bfce-40615f4f7b35",
                  "isHook": false,
                  "skipped": false
                }
              ],
              "suites": [],
              "passes": [
                "10fd4855-5ace-4c62-baa2-17e8348e3215"
              ],
              "failures": [],
              "pending": [],
              "skipped": [],
              "duration": 594,
              "root": false,
              "rootEmpty": false,
              "_timeout": 2000
            },
            {
              "uuid": "a6e5b4e7-e476-4634-ad79-3afda795b6ba",
              "title": "Quando não informo a senha",
              "fullFile": "",
              "file": "",
              "beforeHooks": [],
              "afterHooks": [],
              "tests": [
                {
                  "title": "Deve exibir Oops! Favor informar o sua senha",
                  "fullTitle": "Login Quando não informo a senha Deve exibir Oops! Favor informar o sua senha",
                  "timedOut": null,
                  "duration": 789,
                  "state": "passed",
                  "speed": "slow",
                  "pass": true,
                  "fail": false,
                  "pending": false,
                  "context": null,
                  "code": "cy.loginAlert(expectMessage).should('be.visible');",
                  "err": {},
                  "uuid": "7c06671b-d431-4660-9428-7920b78b7511",
                  "parentUUID": "a6e5b4e7-e476-4634-ad79-3afda795b6ba",
                  "isHook": false,
                  "skipped": false
                }
              ],
              "suites": [],
              "passes": [
                "7c06671b-d431-4660-9428-7920b78b7511"
              ],
              "failures": [],
              "pending": [],
              "skipped": [],
              "duration": 789,
              "root": false,
              "rootEmpty": false,
              "_timeout": 2000
            }
          ],
          "passes": [],
          "failures": [],
          "pending": [],
          "skipped": [],
          "duration": 0,
          "root": false,
          "rootEmpty": false,
          "_timeout": 2000
        }
      ],
      "passes": [],
      "failures": [],
      "pending": [],
      "skipped": [],
      "duration": 0,
      "root": true,
      "rootEmpty": true,
      "_timeout": 2000
    },
    {
      "uuid": "60792c5a-a7fb-4d36-9bb9-3e1c29802093",
      "title": "",
      "fullFile": "tests\\e2e\\specs\\02.PageObjectByCYPRESS_add_contacts_save_spec.js",
      "file": "tests\\e2e\\specs\\02.PageObjectByCYPRESS_add_contacts_save_spec.js",
      "beforeHooks": [],
      "afterHooks": [],
      "tests": [],
      "suites": [
        {
          "uuid": "535a6a6b-e7ae-4ae8-9b4e-825d1ca0f91b",
          "title": "Cadastro de Contatos",
          "fullFile": "",
          "file": "",
          "beforeHooks": [],
          "afterHooks": [],
          "tests": [],
          "suites": [
            {
              "uuid": "9480bd0d-a68c-47aa-b7d0-86672fac9fa5",
              "title": "Dado que eu tenho um novo contato",
              "fullFile": "",
              "file": "",
              "beforeHooks": [],
              "afterHooks": [],
              "tests": [],
              "suites": [
                {
                  "uuid": "255a9267-09ec-45b2-9e01-da016d977d7a",
                  "title": "Quando adiciono esse contato",
                  "fullFile": "",
                  "file": "",
                  "beforeHooks": [],
                  "afterHooks": [],
                  "tests": [
                    {
                      "title": "Então devo ver esse contato no dashboard",
                      "fullTitle": "Cadastro de Contatos Dado que eu tenho um novo contato Quando adiciono esse contato Então devo ver esse contato no dashboard",
                      "timedOut": null,
                      "duration": 3506,
                      "state": "passed",
                      "speed": "slow",
                      "pass": true,
                      "fail": false,
                      "pending": false,
                      "context": null,
                      "code": "cy.contactList().contains(contact.name);",
                      "err": {},
                      "uuid": "f4d56270-60d6-4c02-8371-ec6e125c1a0a",
                      "parentUUID": "255a9267-09ec-45b2-9e01-da016d977d7a",
                      "isHook": false,
                      "skipped": false
                    }
                  ],
                  "suites": [],
                  "passes": [
                    "f4d56270-60d6-4c02-8371-ec6e125c1a0a"
                  ],
                  "failures": [],
                  "pending": [],
                  "skipped": [],
                  "duration": 3506,
                  "root": false,
                  "rootEmpty": false,
                  "_timeout": 2000
                },
                {
                  "uuid": "e04ba262-5d53-4677-b770-dd977b07e78c",
                  "title": "Quando submeto o cadastro sem o nome",
                  "fullFile": "",
                  "file": "",
                  "beforeHooks": [],
                  "afterHooks": [],
                  "tests": [
                    {
                      "title": "Deve mostrar a notificação: Nome é obrigatório.",
                      "fullTitle": "Cadastro de Contatos Dado que eu tenho um novo contato Quando submeto o cadastro sem o nome Deve mostrar a notificação: Nome é obrigatório.",
                      "timedOut": null,
                      "duration": 1524,
                      "state": "passed",
                      "speed": "slow",
                      "pass": true,
                      "fail": false,
                      "pending": false,
                      "context": null,
                      "code": "cy.alertName().contains(expectNotice);",
                      "err": {},
                      "uuid": "bc243da7-50aa-4664-9f08-33094f785781",
                      "parentUUID": "e04ba262-5d53-4677-b770-dd977b07e78c",
                      "isHook": false,
                      "skipped": false
                    }
                  ],
                  "suites": [],
                  "passes": [
                    "bc243da7-50aa-4664-9f08-33094f785781"
                  ],
                  "failures": [],
                  "pending": [],
                  "skipped": [],
                  "duration": 1524,
                  "root": false,
                  "rootEmpty": false,
                  "_timeout": 2000
                },
                {
                  "uuid": "ea5e6d50-73c2-4cf0-87fa-ea900da65e85",
                  "title": "Quando submeto o cadastro sem o whatsApp",
                  "fullFile": "",
                  "file": "",
                  "beforeHooks": [],
                  "afterHooks": [],
                  "tests": [
                    {
                      "title": "Deve mostrar a notificação: WhatsApp é obrigatório.",
                      "fullTitle": "Cadastro de Contatos Dado que eu tenho um novo contato Quando submeto o cadastro sem o whatsApp Deve mostrar a notificação: WhatsApp é obrigatório.",
                      "timedOut": null,
                      "duration": 1682,
                      "state": "passed",
                      "speed": "slow",
                      "pass": true,
                      "fail": false,
                      "pending": false,
                      "context": null,
                      "code": "cy.alertNumber().contains(expectNotice); //cy.get('.input-number small', { timeout: 5000 }).contains('WhatsApp é obrigatório.')",
                      "err": {},
                      "uuid": "cec1d00a-1ac8-4625-98cf-433c872c1036",
                      "parentUUID": "ea5e6d50-73c2-4cf0-87fa-ea900da65e85",
                      "isHook": false,
                      "skipped": false
                    }
                  ],
                  "suites": [],
                  "passes": [
                    "cec1d00a-1ac8-4625-98cf-433c872c1036"
                  ],
                  "failures": [],
                  "pending": [],
                  "skipped": [],
                  "duration": 1682,
                  "root": false,
                  "rootEmpty": false,
                  "_timeout": 2000
                },
                {
                  "uuid": "fb594dca-9b4e-4c4f-a15d-785dc987816f",
                  "title": "Quando submeto o cadastro sem o Assunto",
                  "fullFile": "",
                  "file": "",
                  "beforeHooks": [],
                  "afterHooks": [],
                  "tests": [
                    {
                      "title": "Deve mostrar a notificação: Assunto é obrigatório.",
                      "fullTitle": "Cadastro de Contatos Dado que eu tenho um novo contato Quando submeto o cadastro sem o Assunto Deve mostrar a notificação: Assunto é obrigatório.",
                      "timedOut": null,
                      "duration": 1265,
                      "state": "passed",
                      "speed": "slow",
                      "pass": true,
                      "fail": false,
                      "pending": false,
                      "context": null,
                      "code": "cy.alertDescription().contains(expectNotice); //cy.get('.text-description small', { timeout: 5000 }).contains('Assunto é obrigatório.')",
                      "err": {},
                      "uuid": "aedef171-579e-4e97-8b18-f1eb6017cdf7",
                      "parentUUID": "fb594dca-9b4e-4c4f-a15d-785dc987816f",
                      "isHook": false,
                      "skipped": false
                    }
                  ],
                  "suites": [],
                  "passes": [
                    "aedef171-579e-4e97-8b18-f1eb6017cdf7"
                  ],
                  "failures": [],
                  "pending": [],
                  "skipped": [],
                  "duration": 1265,
                  "root": false,
                  "rootEmpty": false,
                  "_timeout": 2000
                }
              ],
              "passes": [],
              "failures": [],
              "pending": [],
              "skipped": [],
              "duration": 0,
              "root": false,
              "rootEmpty": false,
              "_timeout": 2000
            }
          ],
          "passes": [],
          "failures": [],
          "pending": [],
          "skipped": [],
          "duration": 0,
          "root": false,
          "rootEmpty": false,
          "_timeout": 2000
        }
      ],
      "passes": [],
      "failures": [],
      "pending": [],
      "skipped": [],
      "duration": 0,
      "root": true,
      "rootEmpty": true,
      "_timeout": 2000
    },
    {
      "uuid": "3054d1c9-ab38-47d4-a6b7-153285b2be4b",
      "title": "",
      "fullFile": "tests\\e2e\\specs\\03.Testar_API_contact_search_spec.js",
      "file": "tests\\e2e\\specs\\03.Testar_API_contact_search_spec.js",
      "beforeHooks": [],
      "afterHooks": [],
      "tests": [],
      "suites": [
        {
          "uuid": "8afd5608-08ad-49be-bdcc-047f0924e8e4",
          "title": "Busca",
          "fullFile": "",
          "file": "",
          "beforeHooks": [],
          "afterHooks": [],
          "tests": [],
          "suites": [
            {
              "uuid": "2a0030c3-a373-4c1e-bfea-f78dfb2e58c9",
              "title": "Dado que eu tenho o seguinte contato Mike Portnoy",
              "fullFile": "",
              "file": "",
              "beforeHooks": [],
              "afterHooks": [],
              "tests": [
                {
                  "title": "Quando faço a busca desse contato",
                  "fullTitle": "Busca Dado que eu tenho o seguinte contato Mike Portnoy Quando faço a busca desse contato",
                  "timedOut": null,
                  "duration": 2699,
                  "state": "passed",
                  "speed": "slow",
                  "pass": true,
                  "fail": false,
                  "pending": false,
                  "context": null,
                  "code": "cy.dash();\ncy.searchContact(contact.number);\ncy.get('#loader', {\n  timeout: 5000\n}).should('not.visible');",
                  "err": {},
                  "uuid": "0d332d97-8bae-4fc2-89a6-897adf939647",
                  "parentUUID": "2a0030c3-a373-4c1e-bfea-f78dfb2e58c9",
                  "isHook": false,
                  "skipped": false
                },
                {
                  "title": "Devo ver somente esse contato no dashboard",
                  "fullTitle": "Busca Dado que eu tenho o seguinte contato Mike Portnoy Devo ver somente esse contato no dashboard",
                  "timedOut": null,
                  "duration": 58,
                  "state": "passed",
                  "speed": "medium",
                  "pass": true,
                  "fail": false,
                  "pending": false,
                  "context": null,
                  "code": "cy.contactItem().should('have.length', 1); //ele vai validar se esta exibindo apenas 1 contato, apenas 1 Card\ncy.contactItem().contains(contact.name); //ele vai validar se neste contato esta exibindo de fato a minha massa \"name\" \ncy.contactItem().contains(contact.description); //ele vai validar se neste contato esta exibindo de fato a minha massa \"description\"",
                  "err": {},
                  "uuid": "2200c3d8-2f41-4a5d-8d65-babe920bee5f",
                  "parentUUID": "2a0030c3-a373-4c1e-bfea-f78dfb2e58c9",
                  "isHook": false,
                  "skipped": false
                }
              ],
              "suites": [],
              "passes": [
                "0d332d97-8bae-4fc2-89a6-897adf939647",
                "2200c3d8-2f41-4a5d-8d65-babe920bee5f"
              ],
              "failures": [],
              "pending": [],
              "skipped": [],
              "duration": 2757,
              "root": false,
              "rootEmpty": false,
              "_timeout": 2000
            }
          ],
          "passes": [],
          "failures": [],
          "pending": [],
          "skipped": [],
          "duration": 0,
          "root": false,
          "rootEmpty": false,
          "_timeout": 2000
        }
      ],
      "passes": [],
      "failures": [],
      "pending": [],
      "skipped": [],
      "duration": 0,
      "root": true,
      "rootEmpty": true,
      "_timeout": 2000
    },
    {
      "uuid": "3d7a521f-b04f-46fa-ac6b-b4669b9b5602",
      "title": "",
      "fullFile": "tests\\e2e\\specs\\04.API_contact_NaoCadastrado_search_spec.js",
      "file": "tests\\e2e\\specs\\04.API_contact_NaoCadastrado_search_spec.js",
      "beforeHooks": [],
      "afterHooks": [],
      "tests": [],
      "suites": [
        {
          "uuid": "ba7c2e6d-f40b-4c29-a94f-d770b48938bd",
          "title": "Busca",
          "fullFile": "",
          "file": "",
          "beforeHooks": [],
          "afterHooks": [],
          "tests": [],
          "suites": [
            {
              "uuid": "ff4a364f-80d6-489f-8785-80e46787cdb7",
              "title": "Dado que eu tenho o seguinte contato Mike Portnoy",
              "fullFile": "",
              "file": "",
              "beforeHooks": [],
              "afterHooks": [],
              "tests": [
                {
                  "title": "Quando faço a busca desse contato",
                  "fullTitle": "Busca Dado que eu tenho o seguinte contato Mike Portnoy Quando faço a busca desse contato",
                  "timedOut": null,
                  "duration": 2330,
                  "state": "passed",
                  "speed": "slow",
                  "pass": true,
                  "fail": false,
                  "pending": false,
                  "context": null,
                  "code": "cy.dash();\ncy.searchContact(contact.number);\ncy.get('#loader', {\n  timeout: 5000\n}).should('not.visible');",
                  "err": {},
                  "uuid": "fae27607-a5e8-414f-ba60-8cf3a868e09e",
                  "parentUUID": "ff4a364f-80d6-489f-8785-80e46787cdb7",
                  "isHook": false,
                  "skipped": false
                },
                {
                  "title": "Devo ver somente esse contato no dashboard",
                  "fullTitle": "Busca Dado que eu tenho o seguinte contato Mike Portnoy Devo ver somente esse contato no dashboard",
                  "timedOut": null,
                  "duration": 73,
                  "state": "passed",
                  "speed": "medium",
                  "pass": true,
                  "fail": false,
                  "pending": false,
                  "context": null,
                  "code": "cy.contactItem().should('have.length', 1); //ele vai validar se esta exibindo apenas 1 contato, apenas 1 Card\ncy.contactItem().contains(contact.name); //ele vai validar se neste contato esta exibindo de fato a minha massa \"name\" \ncy.contactItem().contains(contact.description); //ele vai validar se neste contato esta exibindo de fato a minha massa \"description\"",
                  "err": {},
                  "uuid": "b73d24f6-6370-4df3-a1b9-28d3c0eafce4",
                  "parentUUID": "ff4a364f-80d6-489f-8785-80e46787cdb7",
                  "isHook": false,
                  "skipped": false
                }
              ],
              "suites": [],
              "passes": [
                "fae27607-a5e8-414f-ba60-8cf3a868e09e",
                "b73d24f6-6370-4df3-a1b9-28d3c0eafce4"
              ],
              "failures": [],
              "pending": [],
              "skipped": [],
              "duration": 2403,
              "root": false,
              "rootEmpty": false,
              "_timeout": 2000
            },
            {
              "uuid": "a524f705-c6cf-4c2a-9b3e-5a16b44bd234",
              "title": "Quando busco por um contato não cadastrado",
              "fullFile": "",
              "file": "",
              "beforeHooks": [],
              "afterHooks": [],
              "tests": [
                {
                  "title": "Deve retornar mensagem de alerta",
                  "fullTitle": "Busca Quando busco por um contato não cadastrado Deve retornar mensagem de alerta",
                  "timedOut": null,
                  "duration": 637,
                  "state": "passed",
                  "speed": "slow",
                  "pass": true,
                  "fail": false,
                  "pending": false,
                  "context": null,
                  "code": "cy.get('.message-body').contains('Contato não encontrado');",
                  "err": {},
                  "uuid": "57dc2baf-7f0a-4b94-bd3c-1c27dfd9ded9",
                  "parentUUID": "a524f705-c6cf-4c2a-9b3e-5a16b44bd234",
                  "isHook": false,
                  "skipped": false
                }
              ],
              "suites": [],
              "passes": [
                "57dc2baf-7f0a-4b94-bd3c-1c27dfd9ded9"
              ],
              "failures": [],
              "pending": [],
              "skipped": [],
              "duration": 637,
              "root": false,
              "rootEmpty": false,
              "_timeout": 2000
            }
          ],
          "passes": [],
          "failures": [],
          "pending": [],
          "skipped": [],
          "duration": 0,
          "root": false,
          "rootEmpty": false,
          "_timeout": 2000
        }
      ],
      "passes": [],
      "failures": [],
      "pending": [],
      "skipped": [],
      "duration": 0,
      "root": true,
      "rootEmpty": true,
      "_timeout": 2000
    },
    {
      "uuid": "0a44adff-4ed6-4a7d-9ebf-4f48259de952",
      "title": "",
      "fullFile": "tests\\e2e\\specs\\05.contact_remove_spec.js",
      "file": "tests\\e2e\\specs\\05.contact_remove_spec.js",
      "beforeHooks": [],
      "afterHooks": [],
      "tests": [],
      "suites": [
        {
          "uuid": "b5bb8f87-f810-48a2-8cf2-011db766abe7",
          "title": "Remover Contato",
          "fullFile": "",
          "file": "",
          "beforeHooks": [],
          "afterHooks": [],
          "tests": [],
          "suites": [
            {
              "uuid": "aaa52d79-e023-4d04-9483-9e7d36d6f82f",
              "title": "Dado que Paul Gilbert é um contato indesejado",
              "fullFile": "",
              "file": "",
              "beforeHooks": [],
              "afterHooks": [],
              "tests": [
                {
                  "title": "Quando apago esse contato",
                  "fullTitle": "Remover Contato Dado que Paul Gilbert é um contato indesejado Quando apago esse contato",
                  "timedOut": null,
                  "duration": 2447,
                  "state": "passed",
                  "speed": "slow",
                  "pass": true,
                  "fail": false,
                  "pending": false,
                  "context": null,
                  "code": "cy.dash();\ncy.removeContact(contact.number);",
                  "err": {},
                  "uuid": "aad45c14-5acb-41a4-817f-4e88b4fc1b7f",
                  "parentUUID": "aaa52d79-e023-4d04-9483-9e7d36d6f82f",
                  "isHook": false,
                  "skipped": false
                },
                {
                  "title": "Não deve exibir no dashboard",
                  "fullTitle": "Remover Contato Dado que Paul Gilbert é um contato indesejado Não deve exibir no dashboard",
                  "timedOut": null,
                  "duration": 64,
                  "state": "passed",
                  "speed": "medium",
                  "pass": true,
                  "fail": false,
                  "pending": false,
                  "context": null,
                  "code": "cy.getContact(contact.number).should('not.visible');",
                  "err": {},
                  "uuid": "650c07b4-37c1-4205-ad40-905fb6c6a978",
                  "parentUUID": "aaa52d79-e023-4d04-9483-9e7d36d6f82f",
                  "isHook": false,
                  "skipped": false
                }
              ],
              "suites": [],
              "passes": [
                "aad45c14-5acb-41a4-817f-4e88b4fc1b7f",
                "650c07b4-37c1-4205-ad40-905fb6c6a978"
              ],
              "failures": [],
              "pending": [],
              "skipped": [],
              "duration": 2511,
              "root": false,
              "rootEmpty": false,
              "_timeout": 2000
            }
          ],
          "passes": [],
          "failures": [],
          "pending": [],
          "skipped": [],
          "duration": 0,
          "root": false,
          "rootEmpty": false,
          "_timeout": 2000
        }
      ],
      "passes": [],
      "failures": [],
      "pending": [],
      "skipped": [],
      "duration": 0,
      "root": true,
      "rootEmpty": true,
      "_timeout": 2000
    },
    {
      "uuid": "62eecaea-8619-4981-bdca-b39f9f243cad",
      "title": "",
      "fullFile": "tests\\e2e\\specs\\06.contact_talk_spec.js",
      "file": "tests\\e2e\\specs\\06.contact_talk_spec.js",
      "beforeHooks": [],
      "afterHooks": [],
      "tests": [],
      "suites": [
        {
          "uuid": "5f269fd4-6f46-487d-b651-e60c8193fa3f",
          "title": "Conversar",
          "fullFile": "",
          "file": "",
          "beforeHooks": [],
          "afterHooks": [],
          "tests": [],
          "suites": [
            {
              "uuid": "57f18d7c-7dca-4706-adb2-466af311e390",
              "title": "Dado que Jojo Todynho é um contato indesejado",
              "fullFile": "",
              "file": "",
              "beforeHooks": [],
              "afterHooks": [],
              "tests": [
                {
                  "title": "Quando acesso o dashboard",
                  "fullTitle": "Conversar Dado que Jojo Todynho é um contato indesejado Quando acesso o dashboard",
                  "timedOut": null,
                  "duration": 1905,
                  "state": "passed",
                  "speed": "slow",
                  "pass": true,
                  "fail": false,
                  "pending": false,
                  "context": null,
                  "code": "cy.dash();",
                  "err": {},
                  "uuid": "8f1ca236-26b0-457d-b028-39a1605c4878",
                  "parentUUID": "57f18d7c-7dca-4706-adb2-466af311e390",
                  "isHook": false,
                  "skipped": false
                },
                {
                  "title": "Devo ver a propriedade href com o link do Whatsapp Web",
                  "fullTitle": "Conversar Dado que Jojo Todynho é um contato indesejado Devo ver a propriedade href com o link do Whatsapp Web",
                  "timedOut": null,
                  "duration": 118,
                  "state": "passed",
                  "speed": "slow",
                  "pass": true,
                  "fail": false,
                  "pending": false,
                  "context": null,
                  "code": "var externalLink = \"https://api.whatsapp.com/send?phone=55\".concat(contact.number); //https://api.whatsapp.com/send?phone=5521999994444\n//esta validando se ao clicar no botão ele ta direcionando para esse link\ncy.get(\"a[href$=\\\"\".concat(contact.number, \"\\\"]\")).should('have.attr', 'href', externalLink);",
                  "err": {},
                  "uuid": "55215750-f650-4a5e-9113-eca703bee5aa",
                  "parentUUID": "57f18d7c-7dca-4706-adb2-466af311e390",
                  "isHook": false,
                  "skipped": false
                }
              ],
              "suites": [],
              "passes": [
                "8f1ca236-26b0-457d-b028-39a1605c4878",
                "55215750-f650-4a5e-9113-eca703bee5aa"
              ],
              "failures": [],
              "pending": [],
              "skipped": [],
              "duration": 2023,
              "root": false,
              "rootEmpty": false,
              "_timeout": 2000
            }
          ],
          "passes": [],
          "failures": [],
          "pending": [],
          "skipped": [],
          "duration": 0,
          "root": false,
          "rootEmpty": false,
          "_timeout": 2000
        }
      ],
      "passes": [],
      "failures": [],
      "pending": [],
      "skipped": [],
      "duration": 0,
      "root": true,
      "rootEmpty": true,
      "_timeout": 2000
    }
  ],
  "meta": {
    "mocha": {
      "version": "8.1.3"
    },
    "mochawesome": {
      "options": {
        "quiet": false,
        "reportFilename": "mochawesome",
        "saveHtml": false,
        "saveJson": true,
        "consoleReporter": "spec",
        "useInlineDiffs": false,
        "code": true
      },
      "version": "6.3.1"
    },
    "marge": {
      "options": {
        "reportDir": "mochawesome-report",
        "overwrite": true,
        "html": false,
        "json": true,
        "timestamp": "mmddyyyy_HHMMss"
      },
      "version": "5.2.0"
    }
  }
}